<?xml version="1.0" encoding="UTF-8"?>
<!-- Generated by org.testng.reporters.JUnitReportReporter -->
<testsuite hostname="DESKTOP-50POJSR" failures="0" tests="1" name="com.madhav.retailerTest.AddManageCategoryTest" time="2.752" errors="0" timestamp="2024-09-13T18:35:51 IST" skipped="0">
  <testcase classname="com.madhav.retailerTest.AddManageCategoryTest" name="manageUnitTest" time="2.752"/>
  <system-out/>
</testsuite> <!-- com.madhav.retailerTest.AddManageCategoryTest -->
