<?xml version="1.0" encoding="UTF-8"?>
<!-- Generated by org.testng.reporters.JUnitReportReporter -->
<testsuite hostname="DESKTOP-50POJSR" failures="0" tests="1" name="com.madhav.manufacturer.AddManageCategoryTest" time="4.237" errors="0" timestamp="2024-09-13T22:43:28 IST" skipped="0">
  <testcase classname="com.madhav.manufacturer.AddManageCategoryTest" name="manageUnitTest" time="4.237"/>
  <system-out/>
</testsuite> <!-- com.madhav.manufacturer.AddManageCategoryTest -->
