<?xml version="1.0" encoding="UTF-8"?>
<!-- Generated by org.testng.reporters.JUnitReportReporter -->
<testsuite hostname="DESKTOP-50POJSR" failures="0" tests="1" name="com.madhav.retailerTest.LoginAsReatilerTest" time="3.273" errors="0" timestamp="2024-09-13T22:43:28 IST" skipped="0">
  <testcase classname="com.madhav.retailerTest.LoginAsReatilerTest" name="LoginAsReatilerTest" time="3.273"/>
  <system-out/>
</testsuite> <!-- com.madhav.retailerTest.LoginAsReatilerTest -->
