<?xml version="1.0" encoding="UTF-8"?>
<!-- Generated by org.testng.reporters.JUnitReportReporter -->
<testsuite hostname="DESKTOP-50POJSR" failures="0" tests="2" name="com.madhav.admin.AddProductTest" time="14.280" errors="0" timestamp="2024-09-13T22:05:41 IST" skipped="0">
  <testcase classname="com.madhav.admin.AddProductTest" name="addProductTest" time="7.609"/>
  <system-out/>
  <testcase classname="com.madhav.admin.AddProductTest" name="addProductTest" time="6.671"/>
  <system-out/>
</testsuite> <!-- com.madhav.admin.AddProductTest -->
