<?xml version="1.0" encoding="UTF-8"?>
<!-- Generated by org.testng.reporters.JUnitReportReporter -->
<testsuite hostname="DESKTOP-50POJSR" failures="0" tests="1" name="com.madhav.productTest.AddProductTest" time="4.980" errors="0" timestamp="2024-09-12T14:49:56 IST" skipped="0">
  <testcase classname="com.madhav.productTest.AddProductTest" name="addProductTest" time="4.980"/>
  <system-out/>
</testsuite> <!-- com.madhav.productTest.AddProductTest -->
