<?xml version="1.0" encoding="UTF-8"?>
<!-- Generated by org.testng.reporters.JUnitReportReporter -->
<testsuite hostname="DESKTOP-50POJSR" failures="0" tests="1" name="com.madhav.manufacturer.manufacturerAbleToSeeRetailerTest" time="12.316" errors="0" timestamp="2024-09-13T10:30:36 IST" skipped="0">
  <testcase classname="com.madhav.manufacturer.manufacturerAbleToSeeRetailerTest" name="manufacturerAbleToSeeRetailerTest" time="12.316"/>
  <system-out/>
</testsuite> <!-- com.madhav.manufacturer.manufacturerAbleToSeeRetailerTest -->
