<?xml version="1.0" encoding="UTF-8"?>
<!-- Generated by org.testng.reporters.JUnitReportReporter -->
<testsuite hostname="DESKTOP-50POJSR" failures="0" tests="2" name="endtoendscenario.OrderCreatedByRetailerAndVerifyByManufacturerTest" time="18.232" errors="0" timestamp="2024-09-13T22:05:41 IST" skipped="0">
  <testcase classname="endtoendscenario.OrderCreatedByRetailerAndVerifyByManufacturerTest" name="ordercreatedbyretailerandverifyByManufacturerTest" time="9.248"/>
  <system-out/>
  <testcase classname="endtoendscenario.OrderCreatedByRetailerAndVerifyByManufacturerTest" name="ordercreatedbyretailerandverifyByManufacturerTest" time="8.984"/>
  <system-out/>
</testsuite> <!-- endtoendscenario.OrderCreatedByRetailerAndVerifyByManufacturerTest -->
