<?xml version="1.0" encoding="UTF-8"?>
<!-- Generated by org.testng.reporters.JUnitReportReporter -->
<testsuite hostname="DESKTOP-50POJSR" failures="0" tests="1" name="com.madhav.retailerTest.AddRetailerTest" time="1.865" errors="0" timestamp="2024-09-13T16:24:50 IST" skipped="0">
  <testcase classname="com.madhav.retailerTest.AddRetailerTest" name="addRetailerTest" time="1.865"/>
  <system-out/>
</testsuite> <!-- com.madhav.retailerTest.AddRetailerTest -->
